Start testing: Jan 30 23:34 UTC
----------------------------------------------------------
1/23 Testing: test_core
1/23 Test: test_core
Command: "/app/build_quality/tests/test_core"
Directory: /app/build_quality/tests
"test_core" start time: Jan 30 23:34 UTC
Output:
----------------------------------------------------------
[==========] Running 5 test(s).
[ RUN      ] test_uds_init_success
[       OK ] test_uds_init_success
[ RUN      ] test_uds_init_fail
[       OK ] test_uds_init_fail
[ RUN      ] test_invalid_sid_nrc
[       OK ] test_invalid_sid_nrc
[ RUN      ] test_custom_service_registration
[       OK ] test_custom_service_registration
[ RUN      ] test_safety_gate_rejection
[       OK ] test_safety_gate_rejection
[==========] 5 test(s) run.
[  PASSED  ] 5 test(s).
<end of output>
Test time =   0.03 sec
----------------------------------------------------------
Test Passed.
"test_core" end time: Jan 30 23:34 UTC
"test_core" time elapsed: 00:00:00
----------------------------------------------------------

2/23 Testing: test_service_10
2/23 Test: test_service_10
Command: "/app/build_quality/tests/test_service_10"
Directory: /app/build_quality/tests
"test_service_10" start time: Jan 30 23:34 UTC
Output:
----------------------------------------------------------
[==========] Running 2 test(s).
[ RUN      ] test_extended_session_success
[       OK ] test_extended_session_success
[ RUN      ] test_default_session_success
[       OK ] test_default_session_success
[==========] 2 test(s) run.
[  PASSED  ] 2 test(s).
<end of output>
Test time =   0.03 sec
----------------------------------------------------------
Test Passed.
"test_service_10" end time: Jan 30 23:34 UTC
"test_service_10" time elapsed: 00:00:00
----------------------------------------------------------

3/23 Testing: test_service_22
3/23 Test: test_service_22
Command: "/app/build_quality/tests/test_service_22"
Directory: /app/build_quality/tests
"test_service_22" start time: Jan 30 23:34 UTC
Output:
----------------------------------------------------------
[==========] Running 2 test(s).
[ RUN      ] test_rdbi_vin_success
[       OK ] test_rdbi_vin_success
[ RUN      ] test_rdbi_unsupported_id_nrc
[       OK ] test_rdbi_unsupported_id_nrc
[==========] 2 test(s) run.
[  PASSED  ] 2 test(s).
<end of output>
Test time =   0.03 sec
----------------------------------------------------------
Test Passed.
"test_service_22" end time: Jan 30 23:34 UTC
"test_service_22" time elapsed: 00:00:00
----------------------------------------------------------

4/23 Testing: test_service_27
4/23 Test: test_service_27
Command: "/app/build_quality/tests/test_service_27"
Directory: /app/build_quality/tests
"test_service_27" start time: Jan 30 23:34 UTC
Output:
----------------------------------------------------------
[==========] Running 2 test(s).
[ RUN      ] test_security_access_seed
[       OK ] test_security_access_seed
[ RUN      ] test_security_access_key_success
[       OK ] test_security_access_key_success
[==========] 2 test(s) run.
[  PASSED  ] 2 test(s).
<end of output>
Test time =   0.03 sec
----------------------------------------------------------
Test Passed.
"test_service_27" end time: Jan 30 23:34 UTC
"test_service_27" time elapsed: 00:00:00
----------------------------------------------------------

5/23 Testing: test_service_3E
5/23 Test: test_service_3E
Command: "/app/build_quality/tests/test_service_3E"
Directory: /app/build_quality/tests
"test_service_3E" start time: Jan 30 23:34 UTC
Output:
----------------------------------------------------------
[==========] Running 2 test(s).
[ RUN      ] test_tester_present_zero_sub
[       OK ] test_tester_present_zero_sub
[ RUN      ] test_tester_present_suppress_bit
[       OK ] test_tester_present_suppress_bit
[==========] 2 test(s) run.
[  PASSED  ] 2 test(s).
<end of output>
Test time =   0.03 sec
----------------------------------------------------------
Test Passed.
"test_service_3E" end time: Jan 30 23:34 UTC
"test_service_3E" time elapsed: 00:00:00
----------------------------------------------------------

6/23 Testing: test_service_11
6/23 Test: test_service_11
Command: "/app/build_quality/tests/test_service_11"
Directory: /app/build_quality/tests
"test_service_11" start time: Jan 30 23:34 UTC
Output:
----------------------------------------------------------
[==========] Running 2 test(s).
[ RUN      ] test_ecu_reset_hard_success
[       OK ] test_ecu_reset_hard_success
[ RUN      ] test_ecu_reset_invalid_subfunction_nrc
[       OK ] test_ecu_reset_invalid_subfunction_nrc
[==========] 2 test(s) run.
[  PASSED  ] 2 test(s).
<end of output>
Test time =   0.03 sec
----------------------------------------------------------
Test Passed.
"test_service_11" end time: Jan 30 23:34 UTC
"test_service_11" time elapsed: 00:00:00
----------------------------------------------------------

7/23 Testing: test_service_28
7/23 Test: test_service_28
Command: "/app/build_quality/tests/test_service_28"
Directory: /app/build_quality/tests
"test_service_28" start time: Jan 30 23:34 UTC
Output:
----------------------------------------------------------
[==========] Running 2 test(s).
[ RUN      ] test_comm_control_accept
[       OK ] test_comm_control_accept
[ RUN      ] test_comm_control_reject
[       OK ] test_comm_control_reject
[==========] 2 test(s) run.
[  PASSED  ] 2 test(s).
<end of output>
Test time =   0.03 sec
----------------------------------------------------------
Test Passed.
"test_service_28" end time: Jan 30 23:34 UTC
"test_service_28" time elapsed: 00:00:00
----------------------------------------------------------

8/23 Testing: test_service_did
8/23 Test: test_service_did
Command: "/app/build_quality/tests/test_service_did"
Directory: /app/build_quality/tests
"test_service_did" start time: Jan 30 23:34 UTC
Output:
----------------------------------------------------------
[==========] Running 4 test(s).
[ RUN      ] test_rdbi_single_did_success
[       OK ] test_rdbi_single_did_success
[ RUN      ] test_rdbi_callback_success
[       OK ] test_rdbi_callback_success
[ RUN      ] test_wdbi_callback_success
[       OK ] test_wdbi_callback_success
[ RUN      ] test_rdbi_invalid_did_nrc
[       OK ] test_rdbi_invalid_did_nrc
[==========] 4 test(s) run.
[  PASSED  ] 4 test(s).
<end of output>
Test time =   0.03 sec
----------------------------------------------------------
Test Passed.
"test_service_did" end time: Jan 30 23:34 UTC
"test_service_did" time elapsed: 00:00:00
----------------------------------------------------------

9/23 Testing: test_timing
9/23 Test: test_timing
Command: "/app/build_quality/tests/test_timing"
Directory: /app/build_quality/tests
"test_timing" start time: Jan 30 23:34 UTC
Output:
----------------------------------------------------------
[==========] Running 2 test(s).
[ RUN      ] test_p2_timeout_nrc78
[       OK ] test_p2_timeout_nrc78
[ RUN      ] test_s3_timeout_reset
[       OK ] test_s3_timeout_reset
[==========] 2 test(s) run.
[  PASSED  ] 2 test(s).
<end of output>
Test time =   0.03 sec
----------------------------------------------------------
Test Passed.
"test_timing" end time: Jan 30 23:34 UTC
"test_timing" time elapsed: 00:00:00
----------------------------------------------------------

10/23 Testing: test_service_29
10/23 Test: test_service_29
Command: "/app/build_quality/tests/test_service_29"
Directory: /app/build_quality/tests
"test_service_29" start time: Jan 30 23:34 UTC
Output:
----------------------------------------------------------
[==========] Running 3 test(s).
[ RUN      ] test_auth_deauthenticate_success
[       OK ] test_auth_deauthenticate_success
[ RUN      ] test_auth_verify_cert_uni_success
[       OK ] test_auth_verify_cert_uni_success
[ RUN      ] test_auth_no_callback_nrc
[       OK ] test_auth_no_callback_nrc
[==========] 3 test(s) run.
[  PASSED  ] 3 test(s).
<end of output>
Test time =   0.03 sec
----------------------------------------------------------
Test Passed.
"test_service_29" end time: Jan 30 23:34 UTC
"test_service_29" time elapsed: 00:00:00
----------------------------------------------------------

11/23 Testing: test_service_dtc
11/23 Test: test_service_dtc
Command: "/app/build_quality/tests/test_service_dtc"
Directory: /app/build_quality/tests
"test_service_dtc" start time: Jan 30 23:34 UTC
Output:
----------------------------------------------------------
[==========] Running 3 test(s).
[ RUN      ] test_clear_dtc_success
[       OK ] test_clear_dtc_success
[ RUN      ] test_read_dtc_info_success
[       OK ] test_read_dtc_info_success
[ RUN      ] test_control_dtc_setting_success
[       OK ] test_control_dtc_setting_success
[==========] 3 test(s) run.
[  PASSED  ] 3 test(s).
<end of output>
Test time =   0.03 sec
----------------------------------------------------------
Test Passed.
"test_service_dtc" end time: Jan 30 23:34 UTC
"test_service_dtc" time elapsed: 00:00:00
----------------------------------------------------------

12/23 Testing: test_service_flash
12/23 Test: test_service_flash
Command: "/app/build_quality/tests/test_service_flash"
Directory: /app/build_quality/tests
"test_service_flash" start time: Jan 30 23:34 UTC
Output:
----------------------------------------------------------
[==========] Running 4 test(s).
[ RUN      ] test_routine_control_erase_success
[       OK ] test_routine_control_erase_success
[ RUN      ] test_request_download_success
[       OK ] test_request_download_success
[ RUN      ] test_transfer_data_success
[       OK ] test_transfer_data_success
[ RUN      ] test_transfer_exit_success
[       OK ] test_transfer_exit_success
[==========] 4 test(s) run.
[  PASSED  ] 4 test(s).
<end of output>
Test time =   0.03 sec
----------------------------------------------------------
Test Passed.
"test_service_flash" end time: Jan 30 23:34 UTC
"test_service_flash" time elapsed: 00:00:00
----------------------------------------------------------

13/23 Testing: test_service_mem
13/23 Test: test_service_mem
Command: "/app/build_quality/tests/test_service_mem"
Directory: /app/build_quality/tests
"test_service_mem" start time: Jan 30 23:34 UTC
Output:
----------------------------------------------------------
[==========] Running 4 test(s).
[ RUN      ] test_read_memory_success
[DEBUG] mock_can_send: len=3 data=63 AA BB 
[       OK ] test_read_memory_success
[ RUN      ] test_read_memory_out_of_range
[DEBUG] mock_can_send: len=3 data=7F 23 31 
[       OK ] test_read_memory_out_of_range
[ RUN      ] test_write_memory_success
[DEBUG] mock_can_send: len=2 data=7D 12 
[       OK ] test_write_memory_success
[ RUN      ] test_write_memory_bad_length
[DEBUG] mock_can_send: len=3 data=7F 3D 13 
[       OK ] test_write_memory_bad_length
[==========] 4 test(s) run.
[  PASSED  ] 4 test(s).
<end of output>
Test time =   0.03 sec
----------------------------------------------------------
Test Passed.
"test_service_mem" end time: Jan 30 23:34 UTC
"test_service_mem" time elapsed: 00:00:00
----------------------------------------------------------

14/23 Testing: test_osal
14/23 Test: test_osal
Command: "/app/build_quality/tests/test_osal"
Directory: /app/build_quality/tests
"test_osal" start time: Jan 30 23:34 UTC
Output:
----------------------------------------------------------
[==========] Running 1 test(s).
[ RUN      ] test_osal_locking
[       OK ] test_osal_locking
[==========] 1 test(s) run.
[  PASSED  ] 1 test(s).
<end of output>
Test time =   0.03 sec
----------------------------------------------------------
Test Passed.
"test_osal" end time: Jan 30 23:34 UTC
"test_osal" time elapsed: 00:00:00
----------------------------------------------------------

15/23 Testing: test_endian
15/23 Test: test_endian
Command: "/app/build_quality/tests/test_endian"
Directory: /app/build_quality/tests
"test_endian" start time: Jan 30 23:34 UTC
Output:
----------------------------------------------------------
[==========] Running 2 test(s).
[ RUN      ] test_big_endian_parsing
[       OK ] test_big_endian_parsing
[ RUN      ] test_big_endian_parsing_small
[       OK ] test_big_endian_parsing_small
[==========] 2 test(s) run.
[  PASSED  ] 2 test(s).
<end of output>
Test time =   0.03 sec
----------------------------------------------------------
Test Passed.
"test_endian" end time: Jan 30 23:34 UTC
"test_endian" time elapsed: 00:00:00
----------------------------------------------------------

16/23 Testing: test_fuzz_core
16/23 Test: test_fuzz_core
Command: "/app/build_quality/tests/test_fuzz_core"
Directory: /app/build_quality/tests
"test_fuzz_core" start time: Jan 30 23:34 UTC
Output:
----------------------------------------------------------
[==========] Running 1 test(s).
[ RUN      ] test_overflow_checks
[       OK ] test_overflow_checks
[==========] 1 test(s) run.
[  PASSED  ] 1 test(s).
<end of output>
Test time =   0.03 sec
----------------------------------------------------------
Test Passed.
"test_fuzz_core" end time: Jan 30 23:34 UTC
"test_fuzz_core" time elapsed: 00:00:00
----------------------------------------------------------

17/23 Testing: test_transport
17/23 Test: test_transport
Command: "/app/build_quality/tests/test_transport"
Directory: /app/build_quality/tests
"test_transport" start time: Jan 30 23:34 UTC
Output:
----------------------------------------------------------
[==========] Running 5 test(s).
[ RUN      ] test_send_sf
[       OK ] test_send_sf
[ RUN      ] test_send_ff
[       OK ] test_send_ff
[ RUN      ] test_recv_fc_send_cf
[       OK ] test_recv_fc_send_cf
[ RUN      ] test_recv_sf
[       OK ] test_recv_sf
[ RUN      ] test_recv_multiframe
[       OK ] test_recv_multiframe
[==========] 5 test(s) run.
[  PASSED  ] 5 test(s).
<end of output>
Test time =   0.03 sec
----------------------------------------------------------
Test Passed.
"test_transport" end time: Jan 30 23:34 UTC
"test_transport" time elapsed: 00:00:00
----------------------------------------------------------

18/23 Testing: test_service_negative
18/23 Test: test_service_negative
Command: "/app/build_quality/tests/test_service_negative"
Directory: /app/build_quality/tests
"test_service_negative" start time: Jan 30 23:34 UTC
Output:
----------------------------------------------------------
[==========] Running 4 test(s).
[ RUN      ] test_service_not_supported
[       OK ] test_service_not_supported
[ RUN      ] test_invalid_length
[       OK ] test_invalid_length
[ RUN      ] test_session_violation
[       OK ] test_session_violation
[ RUN      ] test_security_violation
[       OK ] test_security_violation
[==========] 4 test(s) run.
[  PASSED  ] 4 test(s).
<end of output>
Test time =   0.02 sec
----------------------------------------------------------
Test Passed.
"test_service_negative" end time: Jan 30 23:34 UTC
"test_service_negative" time elapsed: 00:00:00
----------------------------------------------------------

19/23 Testing: test_service_2E
19/23 Test: test_service_2E
Command: "/app/build_quality/tests/test_service_2E"
Directory: /app/build_quality/tests
"test_service_2E" start time: Jan 30 23:34 UTC
Output:
----------------------------------------------------------
[==========] Running 5 test(s).
[ RUN      ] test_wdbi_storage_success
[       OK ] test_wdbi_storage_success
[ RUN      ] test_wdbi_callback_success
[       OK ] test_wdbi_callback_success
[ RUN      ] test_wdbi_unknown_did
[       OK ] test_wdbi_unknown_did
[ RUN      ] test_wdbi_invalid_length
[       OK ] test_wdbi_invalid_length
[ RUN      ] test_wdbi_write_fail
[       OK ] test_wdbi_write_fail
[==========] 5 test(s) run.
[  PASSED  ] 5 test(s).
<end of output>
Test time =   0.02 sec
----------------------------------------------------------
Test Passed.
"test_service_2E" end time: Jan 30 23:34 UTC
"test_service_2E" time elapsed: 00:00:00
----------------------------------------------------------

20/23 Testing: test_safety_gate
20/23 Test: test_safety_gate
Command: "/app/build_quality/tests/test_safety_gate"
Directory: /app/build_quality/tests
"test_safety_gate" start time: Jan 30 23:34 UTC
Output:
----------------------------------------------------------
[==========] Running 2 test(s).
[ RUN      ] test_safety_check_fails
[       OK ] test_safety_check_fails
[ RUN      ] test_pass
[       OK ] test_pass
[==========] 2 test(s) run.
[  PASSED  ] 2 test(s).
<end of output>
Test time =   0.02 sec
----------------------------------------------------------
Test Passed.
"test_safety_gate" end time: Jan 30 23:34 UTC
"test_safety_gate" time elapsed: 00:00:00
----------------------------------------------------------

21/23 Testing: test_async
21/23 Test: test_async
Command: "/app/build_quality/tests/test_async"
Directory: /app/build_quality/tests
"test_async" start time: Jan 30 23:34 UTC
Output:
----------------------------------------------------------
[==========] Running 1 test(s).
[ RUN      ] test_async_workflow
[       OK ] test_async_workflow
[==========] 1 test(s) run.
[  PASSED  ] 1 test(s).
<end of output>
Test time =   0.02 sec
----------------------------------------------------------
Test Passed.
"test_async" end time: Jan 30 23:34 UTC
"test_async" time elapsed: 00:00:00
----------------------------------------------------------

22/23 Testing: test_nvm_persistence
22/23 Test: test_nvm_persistence
Command: "/app/build_quality/tests/test_nvm_persistence"
Directory: /app/build_quality/tests
"test_nvm_persistence" start time: Jan 30 23:34 UTC
Output:
----------------------------------------------------------
[==========] Running 3 test(s).
[ RUN      ] test_nvm_load_on_init
[       OK ] test_nvm_load_on_init
[ RUN      ] test_nvm_save_on_session
[       OK ] test_nvm_save_on_session
[ RUN      ] test_nvm_save_on_security
[       OK ] test_nvm_save_on_security
[==========] 3 test(s) run.
[  PASSED  ] 3 test(s).
<end of output>
Test time =   0.01 sec
----------------------------------------------------------
Test Passed.
"test_nvm_persistence" end time: Jan 30 23:34 UTC
"test_nvm_persistence" time elapsed: 00:00:00
----------------------------------------------------------

23/23 Testing: test_integration
23/23 Test: test_integration
Command: "/app/build_quality/tests/test_integration"
Directory: /app/build_quality/tests
"test_integration" start time: Jan 30 23:34 UTC
Output:
----------------------------------------------------------
[==========] Running 1 test(s).
[ RUN      ] test_full_lifecycle
[       OK ] test_full_lifecycle
[==========] 1 test(s) run.
[  PASSED  ] 1 test(s).
<end of output>
Test time =   0.01 sec
----------------------------------------------------------
Test Passed.
"test_integration" end time: Jan 30 23:34 UTC
"test_integration" time elapsed: 00:00:00
----------------------------------------------------------

End testing: Jan 30 23:34 UTC
